<?xml version="1.0" encoding="UTF-8"?>
<!-- Generated by org.testng.reporters.JUnitXMLReporter -->
<testsuite ignored="0" hostname="DESKTOP-MEJQHUP" failures="0" tests="3" name="Test" time="55.173" errors="0" timestamp="2021-05-25T11:22:59 IST">
  <testcase classname="Academy.TestingCases.OpenGoogle" name="exampleOfTestNgMaven" time="24.737"/>
  <testcase classname="Academy.TestingCases.KeyboardActions" name="keyboardActions" time="30.172"/>
  <testcase classname="Academy.TestingCases.AppTest" name="shouldAnswerWithTrue" time="0.019"/>
</testsuite> <!-- Test -->
