<?xml version="1.0" encoding="UTF-8"?>
<testng-results skipped="0" failed="0" ignored="0" total="2" passed="2">
  <reporter-output>
  </reporter-output>
  <suite name="Surefire suite" duration-ms="36217" started-at="2021-05-19T22:54:11 IST" finished-at="2021-05-19T22:54:47 IST">
    <groups>
    </groups>
    <test name="Surefire test" duration-ms="36217" started-at="2021-05-19T22:54:11 IST" finished-at="2021-05-19T22:54:47 IST">
      <class name="com.testCases.ChefpinLoginDinerTest">
        <test-method status="PASS" signature="setup()[pri:0, instance:com.testCases.ChefpinLoginDinerTest@4eb7f003]" name="setup" is-config="true" duration-ms="23423" started-at="2021-05-19T22:54:12 IST" finished-at="2021-05-19T22:54:35 IST">
          <reporter-output>
          </reporter-output>
        </test-method> <!-- setup -->
        <test-method status="PASS" signature="ChefpinLoginDinerTest()[pri:0, instance:com.testCases.ChefpinLoginDinerTest@4eb7f003]" name="ChefpinLoginDinerTest" duration-ms="11928" started-at="2021-05-19T22:54:35 IST" finished-at="2021-05-19T22:54:47 IST">
          <reporter-output>
          </reporter-output>
        </test-method> <!-- ChefpinLoginDinerTest -->
      </class> <!-- com.testCases.ChefpinLoginDinerTest -->
      <class name="Academy.TestingCases.AppTest">
        <test-method status="PASS" signature="shouldAnswerWithTrue()[pri:0, instance:Academy.TestingCases.AppTest@9a7504c]" name="shouldAnswerWithTrue" duration-ms="150" started-at="2021-05-19T22:54:12 IST" finished-at="2021-05-19T22:54:12 IST">
          <reporter-output>
          </reporter-output>
        </test-method> <!-- shouldAnswerWithTrue -->
      </class> <!-- Academy.TestingCases.AppTest -->
    </test> <!-- Surefire test -->
  </suite> <!-- Surefire suite -->
</testng-results>
