<?xml version="1.0" encoding="UTF-8"?>
<testng-results ignored="0" total="3" passed="3" failed="0" skipped="0">
  <reporter-output>
  </reporter-output>
  <suite started-at="2021-05-25T11:22:04 IST" name="Suite" finished-at="2021-05-25T11:22:59 IST" duration-ms="55173">
    <groups>
    </groups>
    <test started-at="2021-05-25T11:22:04 IST" name="Test" finished-at="2021-05-25T11:22:59 IST" duration-ms="55173">
      <class name="Academy.TestingCases.KeyboardActions">
        <test-method signature="keyboardActions()[pri:0, instance:Academy.TestingCases.KeyboardActions@692f203f]" started-at="2021-05-25T11:22:29 IST" name="keyboardActions" finished-at="2021-05-25T11:22:59 IST" duration-ms="30172" status="PASS">
          <reporter-output>
          </reporter-output>
        </test-method> <!-- keyboardActions -->
      </class> <!-- Academy.TestingCases.KeyboardActions -->
      <class name="Academy.TestingCases.OpenGoogle">
        <test-method signature="exampleOfTestNgMaven()[pri:0, instance:Academy.TestingCases.OpenGoogle@4c583ecf]" started-at="2021-05-25T11:22:04 IST" name="exampleOfTestNgMaven" finished-at="2021-05-25T11:22:29 IST" duration-ms="24737" status="PASS">
          <reporter-output>
          </reporter-output>
        </test-method> <!-- exampleOfTestNgMaven -->
      </class> <!-- Academy.TestingCases.OpenGoogle -->
      <class name="Academy.TestingCases.AppTest">
        <test-method signature="shouldAnswerWithTrue()[pri:0, instance:Academy.TestingCases.AppTest@48f2bd5b]" started-at="2021-05-25T11:22:59 IST" name="shouldAnswerWithTrue" finished-at="2021-05-25T11:22:59 IST" duration-ms="19" status="PASS">
          <reporter-output>
          </reporter-output>
        </test-method> <!-- shouldAnswerWithTrue -->
      </class> <!-- Academy.TestingCases.AppTest -->
    </test> <!-- Test -->
  </suite> <!-- Suite -->
</testng-results>
